<?xml version="1.0" encoding="UTF-8"?>
<!-- Generated by org.testng.reporters.JUnitReportReporter -->
<testsuite hostname="LAPTOP-8F3IM8TB" failures="0" tests="1" name="Udemy.SDET.KK.Streams" time="0.020" errors="0" timestamp="2021-09-07T23:09:20 CEST" skipped="0">
  <testcase classname="Udemy.SDET.KK.Streams" name="TC1" time="0.020"/>
  <system-out/>
</testsuite> <!-- Udemy.SDET.KK.Streams -->
